2022-11-11 20:28:57.847  INFO 34672 --- [restartedMain] i.g.c.m.ClientesMicroservicesApplication : Starting ClientesMicroservicesApplication using Java 17.0.4.1 on melena with PID 34672 (/home/melena/Documents/workspace-spring-tool-suite-4-4.16.0.RELEASE/Eureka-Microservice/msclientes/target/classes started by melena in /home/melena/Documents/workspace-spring-tool-suite-4-4.16.0.RELEASE/Eureka-Microservice/msclientes)
2022-11-11 20:28:57.852  INFO 34672 --- [restartedMain] i.g.c.m.ClientesMicroservicesApplication : No active profile set, falling back to 1 default profile: "default"
2022-11-11 20:28:57.916  INFO 34672 --- [restartedMain] .e.DevToolsPropertyDefaultsPostProcessor : Devtools property defaults active! Set 'spring.devtools.add-properties' to 'false' to disable
2022-11-11 20:28:57.917  INFO 34672 --- [restartedMain] .e.DevToolsPropertyDefaultsPostProcessor : For additional web related logging consider setting the 'logging.level.web' property to 'DEBUG'
2022-11-11 20:28:59.081  INFO 34672 --- [restartedMain] .s.d.r.c.RepositoryConfigurationDelegate : Bootstrapping Spring Data JPA repositories in DEFAULT mode.
2022-11-11 20:28:59.281  INFO 34672 --- [restartedMain] .s.d.r.c.RepositoryConfigurationDelegate : Finished Spring Data repository scanning in 189 ms. Found 1 JPA repository interfaces.
2022-11-11 20:28:59.608  INFO 34672 --- [restartedMain] o.s.cloud.context.scope.GenericScope     : BeanFactory id=4d458d20-ff20-3939-94d4-b1303406398f
2022-11-11 20:29:00.417  INFO 34672 --- [restartedMain] o.s.b.w.embedded.tomcat.TomcatWebServer  : Tomcat initialized with port(s): 0 (http)
2022-11-11 20:29:00.427  INFO 34672 --- [restartedMain] o.apache.catalina.core.StandardService   : Starting service [Tomcat]
2022-11-11 20:29:00.428  INFO 34672 --- [restartedMain] org.apache.catalina.core.StandardEngine  : Starting Servlet engine: [Apache Tomcat/9.0.68]
2022-11-11 20:29:00.520  INFO 34672 --- [restartedMain] o.a.c.c.C.[Tomcat].[localhost].[/]       : Initializing Spring embedded WebApplicationContext
2022-11-11 20:29:00.521  INFO 34672 --- [restartedMain] w.s.c.ServletWebServerApplicationContext : Root WebApplicationContext: initialization completed in 2603 ms
2022-11-11 20:29:00.656  INFO 34672 --- [restartedMain] com.zaxxer.hikari.HikariDataSource       : HikariPool-1 - Starting...
2022-11-11 20:29:00.846  INFO 34672 --- [restartedMain] com.zaxxer.hikari.HikariDataSource       : HikariPool-1 - Start completed.
2022-11-11 20:29:00.858  INFO 34672 --- [restartedMain] o.s.b.a.h2.H2ConsoleAutoConfiguration    : H2 console available at '/h2-console'. Database available at 'jdbc:h2:mem:d50a90ab-2c3d-427e-b2d8-a9035934c338'
2022-11-11 20:29:01.086  INFO 34672 --- [restartedMain] o.hibernate.jpa.internal.util.LogHelper  : HHH000204: Processing PersistenceUnitInfo [name: default]
2022-11-11 20:29:01.141  INFO 34672 --- [restartedMain] org.hibernate.Version                    : HHH000412: Hibernate ORM core version 5.6.12.Final
2022-11-11 20:29:01.318  INFO 34672 --- [restartedMain] o.hibernate.annotations.common.Version   : HCANN000001: Hibernate Commons Annotations {5.1.2.Final}
2022-11-11 20:29:01.460  INFO 34672 --- [restartedMain] org.hibernate.dialect.Dialect            : HHH000400: Using dialect: org.hibernate.dialect.H2Dialect
2022-11-11 20:29:01.998  INFO 34672 --- [restartedMain] o.h.e.t.j.p.i.JtaPlatformInitiator       : HHH000490: Using JtaPlatform implementation: [org.hibernate.engine.transaction.jta.platform.internal.NoJtaPlatform]
2022-11-11 20:29:02.006  INFO 34672 --- [restartedMain] j.LocalContainerEntityManagerFactoryBean : Initialized JPA EntityManagerFactory for persistence unit 'default'
2022-11-11 20:29:02.427  WARN 34672 --- [restartedMain] JpaBaseConfiguration$JpaWebConfiguration : spring.jpa.open-in-view is enabled by default. Therefore, database queries may be performed during view rendering. Explicitly configure spring.jpa.open-in-view to disable this warning
2022-11-11 20:29:04.217  INFO 34672 --- [restartedMain] o.s.b.d.a.OptionalLiveReloadServer       : LiveReload server is running on port 35729
2022-11-11 20:29:04.330  INFO 34672 --- [restartedMain] DiscoveryClientOptionalArgsConfiguration : Eureka HTTP Client uses RestTemplate.
2022-11-11 20:29:04.413  WARN 34672 --- [restartedMain] iguration$LoadBalancerCaffeineWarnLogger : Spring Cloud LoadBalancer is currently working with the default cache. While this cache implementation is useful for development and tests, it's recommended to use Caffeine cache in production.You can switch to using Caffeine cache, by adding it and org.springframework.cache.caffeine.CaffeineCacheManager to the classpath.
2022-11-11 20:29:04.421  INFO 34672 --- [restartedMain] o.s.b.a.e.web.EndpointLinksResolver      : Exposing 17 endpoint(s) beneath base path '/actuator'
2022-11-11 20:29:04.532  INFO 34672 --- [restartedMain] o.s.b.w.embedded.tomcat.TomcatWebServer  : Tomcat started on port(s): 41623 (http) with context path ''
2022-11-11 20:29:04.535  INFO 34672 --- [restartedMain] .s.c.n.e.s.EurekaAutoServiceRegistration : Updating port to 41623
2022-11-11 20:29:04.540  INFO 34672 --- [restartedMain] o.s.c.n.eureka.InstanceInfoFactory       : Setting initial instance status as: STARTING
2022-11-11 20:29:04.574  INFO 34672 --- [restartedMain] com.netflix.discovery.DiscoveryClient    : Initializing Eureka in region us-east-1
2022-11-11 20:29:04.580  INFO 34672 --- [restartedMain] c.n.d.s.r.aws.ConfigClusterResolver      : Resolving eureka endpoints via configuration
2022-11-11 20:29:04.604  INFO 34672 --- [restartedMain] com.netflix.discovery.DiscoveryClient    : Disable delta property : false
2022-11-11 20:29:04.605  INFO 34672 --- [restartedMain] com.netflix.discovery.DiscoveryClient    : Single vip registry refresh property : null
2022-11-11 20:29:04.605  INFO 34672 --- [restartedMain] com.netflix.discovery.DiscoveryClient    : Force full registry fetch : false
2022-11-11 20:29:04.605  INFO 34672 --- [restartedMain] com.netflix.discovery.DiscoveryClient    : Application is null : false
2022-11-11 20:29:04.606  INFO 34672 --- [restartedMain] com.netflix.discovery.DiscoveryClient    : Registered Applications size is zero : true
2022-11-11 20:29:04.606  INFO 34672 --- [restartedMain] com.netflix.discovery.DiscoveryClient    : Application version is -1: true
2022-11-11 20:29:04.606  INFO 34672 --- [restartedMain] com.netflix.discovery.DiscoveryClient    : Getting all instance registry info from the eureka server
2022-11-11 20:29:05.267  INFO 34672 --- [restartedMain] com.netflix.discovery.DiscoveryClient    : The response status is 200
2022-11-11 20:29:05.270  INFO 34672 --- [restartedMain] com.netflix.discovery.DiscoveryClient    : Starting heartbeat executor: renew interval is: 30
2022-11-11 20:29:05.273  INFO 34672 --- [restartedMain] c.n.discovery.InstanceInfoReplicator     : InstanceInfoReplicator onDemand update allowed rate per min is 4
2022-11-11 20:29:05.279  INFO 34672 --- [restartedMain] com.netflix.discovery.DiscoveryClient    : Discovery Client initialized at timestamp 1668209345277 with initial instances count: 0
2022-11-11 20:29:05.281  INFO 34672 --- [restartedMain] o.s.c.n.e.s.EurekaServiceRegistry        : Registering application MSCLIENTES with eureka with status UP
2022-11-11 20:29:05.282  INFO 34672 --- [restartedMain] com.netflix.discovery.DiscoveryClient    : Saw local status change event StatusChangeEvent [timestamp=1668209345282, current=UP, previous=STARTING]
2022-11-11 20:29:05.284  INFO 34672 --- [DiscoveryClient-InstanceInfoReplicator-0] com.netflix.discovery.DiscoveryClient    : DiscoveryClient_MSCLIENTES/msclientes:c8d002332c91e0a138a129a7588f1b04 : registering service...
2022-11-11 20:29:05.461  INFO 34672 --- [restartedMain] i.g.c.m.ClientesMicroservicesApplication : Started ClientesMicroservicesApplication in 8.188 seconds (JVM running for 9.11)
2022-11-11 20:29:05.524  INFO 34672 --- [DiscoveryClient-InstanceInfoReplicator-0] com.netflix.discovery.DiscoveryClient    : DiscoveryClient_MSCLIENTES/msclientes:c8d002332c91e0a138a129a7588f1b04  - registration status: 204
2022-11-11 20:29:35.270  INFO 34672 --- [DiscoveryClient-CacheRefreshExecutor-0] com.netflix.discovery.DiscoveryClient    : Disable delta property : false
2022-11-11 20:29:35.270  INFO 34672 --- [DiscoveryClient-CacheRefreshExecutor-0] com.netflix.discovery.DiscoveryClient    : Single vip registry refresh property : null
2022-11-11 20:29:35.270  INFO 34672 --- [DiscoveryClient-CacheRefreshExecutor-0] com.netflix.discovery.DiscoveryClient    : Force full registry fetch : false
2022-11-11 20:29:35.270  INFO 34672 --- [DiscoveryClient-CacheRefreshExecutor-0] com.netflix.discovery.DiscoveryClient    : Application is null : false
2022-11-11 20:29:35.271  INFO 34672 --- [DiscoveryClient-CacheRefreshExecutor-0] com.netflix.discovery.DiscoveryClient    : Registered Applications size is zero : true
2022-11-11 20:29:35.271  INFO 34672 --- [DiscoveryClient-CacheRefreshExecutor-0] com.netflix.discovery.DiscoveryClient    : Application version is -1: false
2022-11-11 20:29:35.271  INFO 34672 --- [DiscoveryClient-CacheRefreshExecutor-0] com.netflix.discovery.DiscoveryClient    : Getting all instance registry info from the eureka server
2022-11-11 20:29:35.290  INFO 34672 --- [DiscoveryClient-CacheRefreshExecutor-0] com.netflix.discovery.DiscoveryClient    : The response status is 200
2022-11-11 20:29:35.303  INFO 34672 --- [DiscoveryClient-HeartbeatExecutor-0] com.netflix.discovery.DiscoveryClient    : DiscoveryClient_MSCLIENTES/msclientes:c8d002332c91e0a138a129a7588f1b04  - Re-registering apps/MSCLIENTES
2022-11-11 20:29:35.303  INFO 34672 --- [DiscoveryClient-HeartbeatExecutor-0] com.netflix.discovery.DiscoveryClient    : DiscoveryClient_MSCLIENTES/msclientes:c8d002332c91e0a138a129a7588f1b04 : registering service...
2022-11-11 20:29:35.313  INFO 34672 --- [DiscoveryClient-HeartbeatExecutor-0] com.netflix.discovery.DiscoveryClient    : DiscoveryClient_MSCLIENTES/msclientes:c8d002332c91e0a138a129a7588f1b04  - registration status: 204
2022-11-11 20:30:05.322  INFO 34672 --- [DiscoveryClient-HeartbeatExecutor-0] com.netflix.discovery.DiscoveryClient    : DiscoveryClient_MSCLIENTES/msclientes:c8d002332c91e0a138a129a7588f1b04  - Re-registering apps/MSCLIENTES
2022-11-11 20:30:05.323  INFO 34672 --- [DiscoveryClient-HeartbeatExecutor-0] com.netflix.discovery.DiscoveryClient    : DiscoveryClient_MSCLIENTES/msclientes:c8d002332c91e0a138a129a7588f1b04 : registering service...
2022-11-11 20:30:05.331  INFO 34672 --- [DiscoveryClient-HeartbeatExecutor-0] com.netflix.discovery.DiscoveryClient    : DiscoveryClient_MSCLIENTES/msclientes:c8d002332c91e0a138a129a7588f1b04  - registration status: 204
2022-11-11 20:30:35.351  INFO 34672 --- [DiscoveryClient-HeartbeatExecutor-0] com.netflix.discovery.DiscoveryClient    : DiscoveryClient_MSCLIENTES/msclientes:c8d002332c91e0a138a129a7588f1b04  - Re-registering apps/MSCLIENTES
2022-11-11 20:30:35.352  INFO 34672 --- [DiscoveryClient-HeartbeatExecutor-0] com.netflix.discovery.DiscoveryClient    : DiscoveryClient_MSCLIENTES/msclientes:c8d002332c91e0a138a129a7588f1b04 : registering service...
2022-11-11 20:30:35.363  INFO 34672 --- [DiscoveryClient-HeartbeatExecutor-0] com.netflix.discovery.DiscoveryClient    : DiscoveryClient_MSCLIENTES/msclientes:c8d002332c91e0a138a129a7588f1b04  - registration status: 204
2022-11-11 20:31:05.394  INFO 34672 --- [DiscoveryClient-HeartbeatExecutor-0] com.netflix.discovery.DiscoveryClient    : DiscoveryClient_MSCLIENTES/msclientes:c8d002332c91e0a138a129a7588f1b04  - Re-registering apps/MSCLIENTES
2022-11-11 20:31:05.400  INFO 34672 --- [DiscoveryClient-HeartbeatExecutor-0] com.netflix.discovery.DiscoveryClient    : DiscoveryClient_MSCLIENTES/msclientes:c8d002332c91e0a138a129a7588f1b04 : registering service...
2022-11-11 20:31:05.421  INFO 34672 --- [DiscoveryClient-HeartbeatExecutor-0] com.netflix.discovery.DiscoveryClient    : DiscoveryClient_MSCLIENTES/msclientes:c8d002332c91e0a138a129a7588f1b04  - registration status: 204
2022-11-11 20:31:35.440  INFO 34672 --- [DiscoveryClient-HeartbeatExecutor-0] com.netflix.discovery.DiscoveryClient    : DiscoveryClient_MSCLIENTES/msclientes:c8d002332c91e0a138a129a7588f1b04  - Re-registering apps/MSCLIENTES
2022-11-11 20:31:35.441  INFO 34672 --- [DiscoveryClient-HeartbeatExecutor-0] com.netflix.discovery.DiscoveryClient    : DiscoveryClient_MSCLIENTES/msclientes:c8d002332c91e0a138a129a7588f1b04 : registering service...
2022-11-11 20:31:35.452  INFO 34672 --- [DiscoveryClient-HeartbeatExecutor-0] com.netflix.discovery.DiscoveryClient    : DiscoveryClient_MSCLIENTES/msclientes:c8d002332c91e0a138a129a7588f1b04  - registration status: 204
2022-11-11 20:32:05.471  INFO 34672 --- [DiscoveryClient-HeartbeatExecutor-0] com.netflix.discovery.DiscoveryClient    : DiscoveryClient_MSCLIENTES/msclientes:c8d002332c91e0a138a129a7588f1b04  - Re-registering apps/MSCLIENTES
2022-11-11 20:32:05.472  INFO 34672 --- [DiscoveryClient-HeartbeatExecutor-0] com.netflix.discovery.DiscoveryClient    : DiscoveryClient_MSCLIENTES/msclientes:c8d002332c91e0a138a129a7588f1b04 : registering service...
2022-11-11 20:32:05.502  INFO 34672 --- [DiscoveryClient-HeartbeatExecutor-0] com.netflix.discovery.DiscoveryClient    : DiscoveryClient_MSCLIENTES/msclientes:c8d002332c91e0a138a129a7588f1b04  - registration status: 204
2022-11-11 20:32:35.510  INFO 34672 --- [DiscoveryClient-HeartbeatExecutor-0] com.netflix.discovery.DiscoveryClient    : DiscoveryClient_MSCLIENTES/msclientes:c8d002332c91e0a138a129a7588f1b04  - Re-registering apps/MSCLIENTES
2022-11-11 20:32:35.511  INFO 34672 --- [DiscoveryClient-HeartbeatExecutor-0] com.netflix.discovery.DiscoveryClient    : DiscoveryClient_MSCLIENTES/msclientes:c8d002332c91e0a138a129a7588f1b04 : registering service...
2022-11-11 20:32:35.520  INFO 34672 --- [DiscoveryClient-HeartbeatExecutor-0] com.netflix.discovery.DiscoveryClient    : DiscoveryClient_MSCLIENTES/msclientes:c8d002332c91e0a138a129a7588f1b04  - registration status: 204
2022-11-11 20:33:05.532  INFO 34672 --- [DiscoveryClient-HeartbeatExecutor-0] com.netflix.discovery.DiscoveryClient    : DiscoveryClient_MSCLIENTES/msclientes:c8d002332c91e0a138a129a7588f1b04  - Re-registering apps/MSCLIENTES
2022-11-11 20:33:05.534  INFO 34672 --- [DiscoveryClient-HeartbeatExecutor-0] com.netflix.discovery.DiscoveryClient    : DiscoveryClient_MSCLIENTES/msclientes:c8d002332c91e0a138a129a7588f1b04 : registering service...
2022-11-11 20:33:05.559  INFO 34672 --- [DiscoveryClient-HeartbeatExecutor-0] com.netflix.discovery.DiscoveryClient    : DiscoveryClient_MSCLIENTES/msclientes:c8d002332c91e0a138a129a7588f1b04  - registration status: 204
2022-11-11 20:33:35.596  INFO 34672 --- [DiscoveryClient-HeartbeatExecutor-0] com.netflix.discovery.DiscoveryClient    : DiscoveryClient_MSCLIENTES/msclientes:c8d002332c91e0a138a129a7588f1b04  - Re-registering apps/MSCLIENTES
2022-11-11 20:33:35.598  INFO 34672 --- [DiscoveryClient-HeartbeatExecutor-0] com.netflix.discovery.DiscoveryClient    : DiscoveryClient_MSCLIENTES/msclientes:c8d002332c91e0a138a129a7588f1b04 : registering service...
2022-11-11 20:33:35.655  INFO 34672 --- [DiscoveryClient-HeartbeatExecutor-0] com.netflix.discovery.DiscoveryClient    : DiscoveryClient_MSCLIENTES/msclientes:c8d002332c91e0a138a129a7588f1b04  - registration status: 204
2022-11-11 20:34:04.611  INFO 34672 --- [AsyncResolver-bootstrap-executor-0] c.n.d.s.r.aws.ConfigClusterResolver      : Resolving eureka endpoints via configuration
2022-11-11 20:34:05.684  INFO 34672 --- [DiscoveryClient-HeartbeatExecutor-0] com.netflix.discovery.DiscoveryClient    : DiscoveryClient_MSCLIENTES/msclientes:c8d002332c91e0a138a129a7588f1b04  - Re-registering apps/MSCLIENTES
2022-11-11 20:34:05.685  INFO 34672 --- [DiscoveryClient-HeartbeatExecutor-0] com.netflix.discovery.DiscoveryClient    : DiscoveryClient_MSCLIENTES/msclientes:c8d002332c91e0a138a129a7588f1b04 : registering service...
2022-11-11 20:34:05.733  INFO 34672 --- [DiscoveryClient-HeartbeatExecutor-0] com.netflix.discovery.DiscoveryClient    : DiscoveryClient_MSCLIENTES/msclientes:c8d002332c91e0a138a129a7588f1b04  - registration status: 204
2022-11-11 20:34:35.761  INFO 34672 --- [DiscoveryClient-HeartbeatExecutor-0] com.netflix.discovery.DiscoveryClient    : DiscoveryClient_MSCLIENTES/msclientes:c8d002332c91e0a138a129a7588f1b04  - Re-registering apps/MSCLIENTES
2022-11-11 20:34:35.762  INFO 34672 --- [DiscoveryClient-HeartbeatExecutor-0] com.netflix.discovery.DiscoveryClient    : DiscoveryClient_MSCLIENTES/msclientes:c8d002332c91e0a138a129a7588f1b04 : registering service...
2022-11-11 20:34:35.810  INFO 34672 --- [DiscoveryClient-HeartbeatExecutor-0] com.netflix.discovery.DiscoveryClient    : DiscoveryClient_MSCLIENTES/msclientes:c8d002332c91e0a138a129a7588f1b04  - registration status: 204
2022-11-11 20:35:05.828  INFO 34672 --- [DiscoveryClient-HeartbeatExecutor-0] com.netflix.discovery.DiscoveryClient    : DiscoveryClient_MSCLIENTES/msclientes:c8d002332c91e0a138a129a7588f1b04  - Re-registering apps/MSCLIENTES
2022-11-11 20:35:05.829  INFO 34672 --- [DiscoveryClient-HeartbeatExecutor-0] com.netflix.discovery.DiscoveryClient    : DiscoveryClient_MSCLIENTES/msclientes:c8d002332c91e0a138a129a7588f1b04 : registering service...
2022-11-11 20:35:05.847  INFO 34672 --- [DiscoveryClient-HeartbeatExecutor-0] com.netflix.discovery.DiscoveryClient    : DiscoveryClient_MSCLIENTES/msclientes:c8d002332c91e0a138a129a7588f1b04  - registration status: 204
2022-11-11 20:35:35.865  INFO 34672 --- [DiscoveryClient-HeartbeatExecutor-0] com.netflix.discovery.DiscoveryClient    : DiscoveryClient_MSCLIENTES/msclientes:c8d002332c91e0a138a129a7588f1b04  - Re-registering apps/MSCLIENTES
2022-11-11 20:35:35.866  INFO 34672 --- [DiscoveryClient-HeartbeatExecutor-0] com.netflix.discovery.DiscoveryClient    : DiscoveryClient_MSCLIENTES/msclientes:c8d002332c91e0a138a129a7588f1b04 : registering service...
2022-11-11 20:35:35.889  INFO 34672 --- [DiscoveryClient-HeartbeatExecutor-0] com.netflix.discovery.DiscoveryClient    : DiscoveryClient_MSCLIENTES/msclientes:c8d002332c91e0a138a129a7588f1b04  - registration status: 204
2022-11-11 20:36:05.908  INFO 34672 --- [DiscoveryClient-HeartbeatExecutor-0] com.netflix.discovery.DiscoveryClient    : DiscoveryClient_MSCLIENTES/msclientes:c8d002332c91e0a138a129a7588f1b04  - Re-registering apps/MSCLIENTES
2022-11-11 20:36:05.909  INFO 34672 --- [DiscoveryClient-HeartbeatExecutor-0] com.netflix.discovery.DiscoveryClient    : DiscoveryClient_MSCLIENTES/msclientes:c8d002332c91e0a138a129a7588f1b04 : registering service...
2022-11-11 20:36:05.920  INFO 34672 --- [DiscoveryClient-HeartbeatExecutor-0] com.netflix.discovery.DiscoveryClient    : DiscoveryClient_MSCLIENTES/msclientes:c8d002332c91e0a138a129a7588f1b04  - registration status: 204
2022-11-11 20:36:35.937  INFO 34672 --- [DiscoveryClient-HeartbeatExecutor-0] com.netflix.discovery.DiscoveryClient    : DiscoveryClient_MSCLIENTES/msclientes:c8d002332c91e0a138a129a7588f1b04  - Re-registering apps/MSCLIENTES
2022-11-11 20:36:35.939  INFO 34672 --- [DiscoveryClient-HeartbeatExecutor-0] com.netflix.discovery.DiscoveryClient    : DiscoveryClient_MSCLIENTES/msclientes:c8d002332c91e0a138a129a7588f1b04 : registering service...
2022-11-11 20:36:35.991  INFO 34672 --- [DiscoveryClient-HeartbeatExecutor-0] com.netflix.discovery.DiscoveryClient    : DiscoveryClient_MSCLIENTES/msclientes:c8d002332c91e0a138a129a7588f1b04  - registration status: 204
2022-11-11 20:37:01.620  INFO 34672 --- [http-nio-auto-1-exec-1] o.a.c.c.C.[Tomcat].[localhost].[/]       : Initializing Spring DispatcherServlet 'dispatcherServlet'
2022-11-11 20:37:01.620  INFO 34672 --- [http-nio-auto-1-exec-1] o.s.web.servlet.DispatcherServlet        : Initializing Servlet 'dispatcherServlet'
2022-11-11 20:37:01.624  INFO 34672 --- [http-nio-auto-1-exec-1] o.s.web.servlet.DispatcherServlet        : Completed initialization in 4 ms
2022-11-11 20:37:06.009  INFO 34672 --- [DiscoveryClient-HeartbeatExecutor-0] com.netflix.discovery.DiscoveryClient    : DiscoveryClient_MSCLIENTES/msclientes:c8d002332c91e0a138a129a7588f1b04  - Re-registering apps/MSCLIENTES
2022-11-11 20:37:06.010  INFO 34672 --- [DiscoveryClient-HeartbeatExecutor-0] com.netflix.discovery.DiscoveryClient    : DiscoveryClient_MSCLIENTES/msclientes:c8d002332c91e0a138a129a7588f1b04 : registering service...
2022-11-11 20:37:06.026  INFO 34672 --- [DiscoveryClient-HeartbeatExecutor-0] com.netflix.discovery.DiscoveryClient    : DiscoveryClient_MSCLIENTES/msclientes:c8d002332c91e0a138a129a7588f1b04  - registration status: 204
2022-11-11 20:37:28.738  INFO 34672 --- [http-nio-auto-1-exec-10] o.springdoc.api.AbstractOpenApiResource  : Init duration for springdoc-openapi is: 168 ms
2022-11-11 20:37:36.042  INFO 34672 --- [DiscoveryClient-HeartbeatExecutor-0] com.netflix.discovery.DiscoveryClient    : DiscoveryClient_MSCLIENTES/msclientes:c8d002332c91e0a138a129a7588f1b04  - Re-registering apps/MSCLIENTES
2022-11-11 20:37:36.043  INFO 34672 --- [DiscoveryClient-HeartbeatExecutor-0] com.netflix.discovery.DiscoveryClient    : DiscoveryClient_MSCLIENTES/msclientes:c8d002332c91e0a138a129a7588f1b04 : registering service...
2022-11-11 20:37:36.061  INFO 34672 --- [DiscoveryClient-HeartbeatExecutor-0] com.netflix.discovery.DiscoveryClient    : DiscoveryClient_MSCLIENTES/msclientes:c8d002332c91e0a138a129a7588f1b04  - registration status: 204
2022-11-11 20:38:06.077  INFO 34672 --- [DiscoveryClient-HeartbeatExecutor-0] com.netflix.discovery.DiscoveryClient    : DiscoveryClient_MSCLIENTES/msclientes:c8d002332c91e0a138a129a7588f1b04  - Re-registering apps/MSCLIENTES
2022-11-11 20:38:06.078  INFO 34672 --- [DiscoveryClient-HeartbeatExecutor-0] com.netflix.discovery.DiscoveryClient    : DiscoveryClient_MSCLIENTES/msclientes:c8d002332c91e0a138a129a7588f1b04 : registering service...
2022-11-11 20:38:06.097  INFO 34672 --- [DiscoveryClient-HeartbeatExecutor-0] com.netflix.discovery.DiscoveryClient    : DiscoveryClient_MSCLIENTES/msclientes:c8d002332c91e0a138a129a7588f1b04  - registration status: 204
2022-11-11 20:38:36.129  INFO 34672 --- [DiscoveryClient-HeartbeatExecutor-0] com.netflix.discovery.DiscoveryClient    : DiscoveryClient_MSCLIENTES/msclientes:c8d002332c91e0a138a129a7588f1b04  - Re-registering apps/MSCLIENTES
2022-11-11 20:38:36.131  INFO 34672 --- [DiscoveryClient-HeartbeatExecutor-0] com.netflix.discovery.DiscoveryClient    : DiscoveryClient_MSCLIENTES/msclientes:c8d002332c91e0a138a129a7588f1b04 : registering service...
2022-11-11 20:38:36.173  INFO 34672 --- [DiscoveryClient-HeartbeatExecutor-0] com.netflix.discovery.DiscoveryClient    : DiscoveryClient_MSCLIENTES/msclientes:c8d002332c91e0a138a129a7588f1b04  - registration status: 204
2022-11-11 20:39:04.613  INFO 34672 --- [AsyncResolver-bootstrap-executor-0] c.n.d.s.r.aws.ConfigClusterResolver      : Resolving eureka endpoints via configuration
2022-11-11 20:39:06.191  INFO 34672 --- [DiscoveryClient-HeartbeatExecutor-0] com.netflix.discovery.DiscoveryClient    : DiscoveryClient_MSCLIENTES/msclientes:c8d002332c91e0a138a129a7588f1b04  - Re-registering apps/MSCLIENTES
2022-11-11 20:39:06.192  INFO 34672 --- [DiscoveryClient-HeartbeatExecutor-0] com.netflix.discovery.DiscoveryClient    : DiscoveryClient_MSCLIENTES/msclientes:c8d002332c91e0a138a129a7588f1b04 : registering service...
2022-11-11 20:39:06.215  INFO 34672 --- [DiscoveryClient-HeartbeatExecutor-0] com.netflix.discovery.DiscoveryClient    : DiscoveryClient_MSCLIENTES/msclientes:c8d002332c91e0a138a129a7588f1b04  - registration status: 204
2022-11-11 20:39:36.238  INFO 34672 --- [DiscoveryClient-HeartbeatExecutor-0] com.netflix.discovery.DiscoveryClient    : DiscoveryClient_MSCLIENTES/msclientes:c8d002332c91e0a138a129a7588f1b04  - Re-registering apps/MSCLIENTES
2022-11-11 20:39:36.241  INFO 34672 --- [DiscoveryClient-HeartbeatExecutor-0] com.netflix.discovery.DiscoveryClient    : DiscoveryClient_MSCLIENTES/msclientes:c8d002332c91e0a138a129a7588f1b04 : registering service...
2022-11-11 20:39:36.268  INFO 34672 --- [DiscoveryClient-HeartbeatExecutor-0] com.netflix.discovery.DiscoveryClient    : DiscoveryClient_MSCLIENTES/msclientes:c8d002332c91e0a138a129a7588f1b04  - registration status: 204
2022-11-11 20:40:06.292  INFO 34672 --- [DiscoveryClient-HeartbeatExecutor-0] com.netflix.discovery.DiscoveryClient    : DiscoveryClient_MSCLIENTES/msclientes:c8d002332c91e0a138a129a7588f1b04  - Re-registering apps/MSCLIENTES
2022-11-11 20:40:06.295  INFO 34672 --- [DiscoveryClient-HeartbeatExecutor-0] com.netflix.discovery.DiscoveryClient    : DiscoveryClient_MSCLIENTES/msclientes:c8d002332c91e0a138a129a7588f1b04 : registering service...
2022-11-11 20:40:06.324  INFO 34672 --- [DiscoveryClient-HeartbeatExecutor-0] com.netflix.discovery.DiscoveryClient    : DiscoveryClient_MSCLIENTES/msclientes:c8d002332c91e0a138a129a7588f1b04  - registration status: 204
2022-11-11 20:40:36.339  INFO 34672 --- [DiscoveryClient-HeartbeatExecutor-0] com.netflix.discovery.DiscoveryClient    : DiscoveryClient_MSCLIENTES/msclientes:c8d002332c91e0a138a129a7588f1b04  - Re-registering apps/MSCLIENTES
2022-11-11 20:40:36.341  INFO 34672 --- [DiscoveryClient-HeartbeatExecutor-0] com.netflix.discovery.DiscoveryClient    : DiscoveryClient_MSCLIENTES/msclientes:c8d002332c91e0a138a129a7588f1b04 : registering service...
2022-11-11 20:40:36.358  INFO 34672 --- [DiscoveryClient-HeartbeatExecutor-0] com.netflix.discovery.DiscoveryClient    : DiscoveryClient_MSCLIENTES/msclientes:c8d002332c91e0a138a129a7588f1b04  - registration status: 204
2022-11-11 20:41:06.372  INFO 34672 --- [DiscoveryClient-HeartbeatExecutor-0] com.netflix.discovery.DiscoveryClient    : DiscoveryClient_MSCLIENTES/msclientes:c8d002332c91e0a138a129a7588f1b04  - Re-registering apps/MSCLIENTES
2022-11-11 20:41:06.374  INFO 34672 --- [DiscoveryClient-HeartbeatExecutor-0] com.netflix.discovery.DiscoveryClient    : DiscoveryClient_MSCLIENTES/msclientes:c8d002332c91e0a138a129a7588f1b04 : registering service...
2022-11-11 20:41:06.385  INFO 34672 --- [DiscoveryClient-HeartbeatExecutor-0] com.netflix.discovery.DiscoveryClient    : DiscoveryClient_MSCLIENTES/msclientes:c8d002332c91e0a138a129a7588f1b04  - registration status: 204
2022-11-11 20:41:36.391  INFO 34672 --- [DiscoveryClient-HeartbeatExecutor-0] com.netflix.discovery.DiscoveryClient    : DiscoveryClient_MSCLIENTES/msclientes:c8d002332c91e0a138a129a7588f1b04  - Re-registering apps/MSCLIENTES
2022-11-11 20:41:36.392  INFO 34672 --- [DiscoveryClient-HeartbeatExecutor-0] com.netflix.discovery.DiscoveryClient    : DiscoveryClient_MSCLIENTES/msclientes:c8d002332c91e0a138a129a7588f1b04 : registering service...
2022-11-11 20:41:36.398  INFO 34672 --- [DiscoveryClient-HeartbeatExecutor-0] com.netflix.discovery.DiscoveryClient    : DiscoveryClient_MSCLIENTES/msclientes:c8d002332c91e0a138a129a7588f1b04  - registration status: 204
2022-11-11 20:42:06.412  INFO 34672 --- [DiscoveryClient-HeartbeatExecutor-0] com.netflix.discovery.DiscoveryClient    : DiscoveryClient_MSCLIENTES/msclientes:c8d002332c91e0a138a129a7588f1b04  - Re-registering apps/MSCLIENTES
2022-11-11 20:42:06.412  INFO 34672 --- [DiscoveryClient-HeartbeatExecutor-0] com.netflix.discovery.DiscoveryClient    : DiscoveryClient_MSCLIENTES/msclientes:c8d002332c91e0a138a129a7588f1b04 : registering service...
2022-11-11 20:42:06.427  INFO 34672 --- [DiscoveryClient-HeartbeatExecutor-0] com.netflix.discovery.DiscoveryClient    : DiscoveryClient_MSCLIENTES/msclientes:c8d002332c91e0a138a129a7588f1b04  - registration status: 204
2022-11-11 20:42:36.442  INFO 34672 --- [DiscoveryClient-HeartbeatExecutor-0] com.netflix.discovery.DiscoveryClient    : DiscoveryClient_MSCLIENTES/msclientes:c8d002332c91e0a138a129a7588f1b04  - Re-registering apps/MSCLIENTES
2022-11-11 20:42:36.444  INFO 34672 --- [DiscoveryClient-HeartbeatExecutor-0] com.netflix.discovery.DiscoveryClient    : DiscoveryClient_MSCLIENTES/msclientes:c8d002332c91e0a138a129a7588f1b04 : registering service...
2022-11-11 20:42:36.462  INFO 34672 --- [DiscoveryClient-HeartbeatExecutor-0] com.netflix.discovery.DiscoveryClient    : DiscoveryClient_MSCLIENTES/msclientes:c8d002332c91e0a138a129a7588f1b04  - registration status: 204
2022-11-11 20:43:06.478  INFO 34672 --- [DiscoveryClient-HeartbeatExecutor-0] com.netflix.discovery.DiscoveryClient    : DiscoveryClient_MSCLIENTES/msclientes:c8d002332c91e0a138a129a7588f1b04  - Re-registering apps/MSCLIENTES
2022-11-11 20:43:06.479  INFO 34672 --- [DiscoveryClient-HeartbeatExecutor-0] com.netflix.discovery.DiscoveryClient    : DiscoveryClient_MSCLIENTES/msclientes:c8d002332c91e0a138a129a7588f1b04 : registering service...
2022-11-11 20:43:06.499  INFO 34672 --- [DiscoveryClient-HeartbeatExecutor-0] com.netflix.discovery.DiscoveryClient    : DiscoveryClient_MSCLIENTES/msclientes:c8d002332c91e0a138a129a7588f1b04  - registration status: 204
2022-11-11 20:43:36.514  INFO 34672 --- [DiscoveryClient-HeartbeatExecutor-0] com.netflix.discovery.DiscoveryClient    : DiscoveryClient_MSCLIENTES/msclientes:c8d002332c91e0a138a129a7588f1b04  - Re-registering apps/MSCLIENTES
2022-11-11 20:43:36.515  INFO 34672 --- [DiscoveryClient-HeartbeatExecutor-0] com.netflix.discovery.DiscoveryClient    : DiscoveryClient_MSCLIENTES/msclientes:c8d002332c91e0a138a129a7588f1b04 : registering service...
2022-11-11 20:43:36.530  INFO 34672 --- [DiscoveryClient-HeartbeatExecutor-0] com.netflix.discovery.DiscoveryClient    : DiscoveryClient_MSCLIENTES/msclientes:c8d002332c91e0a138a129a7588f1b04  - registration status: 204
2022-11-11 20:44:04.615  INFO 34672 --- [AsyncResolver-bootstrap-executor-0] c.n.d.s.r.aws.ConfigClusterResolver      : Resolving eureka endpoints via configuration
2022-11-11 20:44:06.538  INFO 34672 --- [DiscoveryClient-HeartbeatExecutor-0] com.netflix.discovery.DiscoveryClient    : DiscoveryClient_MSCLIENTES/msclientes:c8d002332c91e0a138a129a7588f1b04  - Re-registering apps/MSCLIENTES
2022-11-11 20:44:06.539  INFO 34672 --- [DiscoveryClient-HeartbeatExecutor-0] com.netflix.discovery.DiscoveryClient    : DiscoveryClient_MSCLIENTES/msclientes:c8d002332c91e0a138a129a7588f1b04 : registering service...
2022-11-11 20:44:06.547  INFO 34672 --- [DiscoveryClient-HeartbeatExecutor-0] com.netflix.discovery.DiscoveryClient    : DiscoveryClient_MSCLIENTES/msclientes:c8d002332c91e0a138a129a7588f1b04  - registration status: 204
2022-11-11 20:44:36.555  INFO 34672 --- [DiscoveryClient-HeartbeatExecutor-0] com.netflix.discovery.DiscoveryClient    : DiscoveryClient_MSCLIENTES/msclientes:c8d002332c91e0a138a129a7588f1b04  - Re-registering apps/MSCLIENTES
2022-11-11 20:44:36.555  INFO 34672 --- [DiscoveryClient-HeartbeatExecutor-0] com.netflix.discovery.DiscoveryClient    : DiscoveryClient_MSCLIENTES/msclientes:c8d002332c91e0a138a129a7588f1b04 : registering service...
2022-11-11 20:44:36.566  INFO 34672 --- [DiscoveryClient-HeartbeatExecutor-0] com.netflix.discovery.DiscoveryClient    : DiscoveryClient_MSCLIENTES/msclientes:c8d002332c91e0a138a129a7588f1b04  - registration status: 204
2022-11-11 20:45:06.574  INFO 34672 --- [DiscoveryClient-HeartbeatExecutor-0] com.netflix.discovery.DiscoveryClient    : DiscoveryClient_MSCLIENTES/msclientes:c8d002332c91e0a138a129a7588f1b04  - Re-registering apps/MSCLIENTES
2022-11-11 20:45:06.575  INFO 34672 --- [DiscoveryClient-HeartbeatExecutor-0] com.netflix.discovery.DiscoveryClient    : DiscoveryClient_MSCLIENTES/msclientes:c8d002332c91e0a138a129a7588f1b04 : registering service...
2022-11-11 20:45:06.584  INFO 34672 --- [DiscoveryClient-HeartbeatExecutor-0] com.netflix.discovery.DiscoveryClient    : DiscoveryClient_MSCLIENTES/msclientes:c8d002332c91e0a138a129a7588f1b04  - registration status: 204
2022-11-11 20:45:36.596  INFO 34672 --- [DiscoveryClient-HeartbeatExecutor-0] com.netflix.discovery.DiscoveryClient    : DiscoveryClient_MSCLIENTES/msclientes:c8d002332c91e0a138a129a7588f1b04  - Re-registering apps/MSCLIENTES
2022-11-11 20:45:36.597  INFO 34672 --- [DiscoveryClient-HeartbeatExecutor-0] com.netflix.discovery.DiscoveryClient    : DiscoveryClient_MSCLIENTES/msclientes:c8d002332c91e0a138a129a7588f1b04 : registering service...
2022-11-11 20:45:36.611  INFO 34672 --- [DiscoveryClient-HeartbeatExecutor-0] com.netflix.discovery.DiscoveryClient    : DiscoveryClient_MSCLIENTES/msclientes:c8d002332c91e0a138a129a7588f1b04  - registration status: 204
2022-11-11 20:46:06.630  INFO 34672 --- [DiscoveryClient-HeartbeatExecutor-0] com.netflix.discovery.DiscoveryClient    : DiscoveryClient_MSCLIENTES/msclientes:c8d002332c91e0a138a129a7588f1b04  - Re-registering apps/MSCLIENTES
2022-11-11 20:46:06.631  INFO 34672 --- [DiscoveryClient-HeartbeatExecutor-0] com.netflix.discovery.DiscoveryClient    : DiscoveryClient_MSCLIENTES/msclientes:c8d002332c91e0a138a129a7588f1b04 : registering service...
2022-11-11 20:46:06.653  INFO 34672 --- [DiscoveryClient-HeartbeatExecutor-0] com.netflix.discovery.DiscoveryClient    : DiscoveryClient_MSCLIENTES/msclientes:c8d002332c91e0a138a129a7588f1b04  - registration status: 204
2022-11-11 20:46:36.872  INFO 34672 --- [DiscoveryClient-HeartbeatExecutor-0] com.netflix.discovery.DiscoveryClient    : DiscoveryClient_MSCLIENTES/msclientes:c8d002332c91e0a138a129a7588f1b04  - Re-registering apps/MSCLIENTES
2022-11-11 20:46:36.872  INFO 34672 --- [DiscoveryClient-HeartbeatExecutor-0] com.netflix.discovery.DiscoveryClient    : DiscoveryClient_MSCLIENTES/msclientes:c8d002332c91e0a138a129a7588f1b04 : registering service...
2022-11-11 20:46:36.880  INFO 34672 --- [DiscoveryClient-HeartbeatExecutor-0] com.netflix.discovery.DiscoveryClient    : DiscoveryClient_MSCLIENTES/msclientes:c8d002332c91e0a138a129a7588f1b04  - registration status: 204
2022-11-11 20:47:06.911  INFO 34672 --- [DiscoveryClient-HeartbeatExecutor-0] com.netflix.discovery.DiscoveryClient    : DiscoveryClient_MSCLIENTES/msclientes:c8d002332c91e0a138a129a7588f1b04  - Re-registering apps/MSCLIENTES
2022-11-11 20:47:06.912  INFO 34672 --- [DiscoveryClient-HeartbeatExecutor-0] com.netflix.discovery.DiscoveryClient    : DiscoveryClient_MSCLIENTES/msclientes:c8d002332c91e0a138a129a7588f1b04 : registering service...
2022-11-11 20:47:06.938  INFO 34672 --- [DiscoveryClient-HeartbeatExecutor-0] com.netflix.discovery.DiscoveryClient    : DiscoveryClient_MSCLIENTES/msclientes:c8d002332c91e0a138a129a7588f1b04  - registration status: 204
2022-11-11 20:47:36.957  INFO 34672 --- [DiscoveryClient-HeartbeatExecutor-0] com.netflix.discovery.DiscoveryClient    : DiscoveryClient_MSCLIENTES/msclientes:c8d002332c91e0a138a129a7588f1b04  - Re-registering apps/MSCLIENTES
2022-11-11 20:47:36.958  INFO 34672 --- [DiscoveryClient-HeartbeatExecutor-0] com.netflix.discovery.DiscoveryClient    : DiscoveryClient_MSCLIENTES/msclientes:c8d002332c91e0a138a129a7588f1b04 : registering service...
2022-11-11 20:47:36.969  INFO 34672 --- [DiscoveryClient-HeartbeatExecutor-0] com.netflix.discovery.DiscoveryClient    : DiscoveryClient_MSCLIENTES/msclientes:c8d002332c91e0a138a129a7588f1b04  - registration status: 204
2022-11-11 20:48:06.981  INFO 34672 --- [DiscoveryClient-HeartbeatExecutor-0] com.netflix.discovery.DiscoveryClient    : DiscoveryClient_MSCLIENTES/msclientes:c8d002332c91e0a138a129a7588f1b04  - Re-registering apps/MSCLIENTES
2022-11-11 20:48:06.983  INFO 34672 --- [DiscoveryClient-HeartbeatExecutor-0] com.netflix.discovery.DiscoveryClient    : DiscoveryClient_MSCLIENTES/msclientes:c8d002332c91e0a138a129a7588f1b04 : registering service...
2022-11-11 20:48:07.001  INFO 34672 --- [DiscoveryClient-HeartbeatExecutor-0] com.netflix.discovery.DiscoveryClient    : DiscoveryClient_MSCLIENTES/msclientes:c8d002332c91e0a138a129a7588f1b04  - registration status: 204
2022-11-11 20:48:37.021  INFO 34672 --- [DiscoveryClient-HeartbeatExecutor-0] com.netflix.discovery.DiscoveryClient    : DiscoveryClient_MSCLIENTES/msclientes:c8d002332c91e0a138a129a7588f1b04  - Re-registering apps/MSCLIENTES
2022-11-11 20:48:37.023  INFO 34672 --- [DiscoveryClient-HeartbeatExecutor-0] com.netflix.discovery.DiscoveryClient    : DiscoveryClient_MSCLIENTES/msclientes:c8d002332c91e0a138a129a7588f1b04 : registering service...
2022-11-11 20:48:37.044  INFO 34672 --- [DiscoveryClient-HeartbeatExecutor-0] com.netflix.discovery.DiscoveryClient    : DiscoveryClient_MSCLIENTES/msclientes:c8d002332c91e0a138a129a7588f1b04  - registration status: 204
2022-11-11 20:49:04.617  INFO 34672 --- [AsyncResolver-bootstrap-executor-0] c.n.d.s.r.aws.ConfigClusterResolver      : Resolving eureka endpoints via configuration
2022-11-11 20:49:07.061  INFO 34672 --- [DiscoveryClient-HeartbeatExecutor-0] com.netflix.discovery.DiscoveryClient    : DiscoveryClient_MSCLIENTES/msclientes:c8d002332c91e0a138a129a7588f1b04  - Re-registering apps/MSCLIENTES
2022-11-11 20:49:07.062  INFO 34672 --- [DiscoveryClient-HeartbeatExecutor-0] com.netflix.discovery.DiscoveryClient    : DiscoveryClient_MSCLIENTES/msclientes:c8d002332c91e0a138a129a7588f1b04 : registering service...
2022-11-11 20:49:07.099  INFO 34672 --- [DiscoveryClient-HeartbeatExecutor-0] com.netflix.discovery.DiscoveryClient    : DiscoveryClient_MSCLIENTES/msclientes:c8d002332c91e0a138a129a7588f1b04  - registration status: 204
2022-11-11 20:49:37.113  INFO 34672 --- [DiscoveryClient-HeartbeatExecutor-0] com.netflix.discovery.DiscoveryClient    : DiscoveryClient_MSCLIENTES/msclientes:c8d002332c91e0a138a129a7588f1b04  - Re-registering apps/MSCLIENTES
2022-11-11 20:49:37.114  INFO 34672 --- [DiscoveryClient-HeartbeatExecutor-0] com.netflix.discovery.DiscoveryClient    : DiscoveryClient_MSCLIENTES/msclientes:c8d002332c91e0a138a129a7588f1b04 : registering service...
2022-11-11 20:49:37.128  INFO 34672 --- [DiscoveryClient-HeartbeatExecutor-0] com.netflix.discovery.DiscoveryClient    : DiscoveryClient_MSCLIENTES/msclientes:c8d002332c91e0a138a129a7588f1b04  - registration status: 204
2022-11-11 20:50:07.145  INFO 34672 --- [DiscoveryClient-HeartbeatExecutor-0] com.netflix.discovery.DiscoveryClient    : DiscoveryClient_MSCLIENTES/msclientes:c8d002332c91e0a138a129a7588f1b04  - Re-registering apps/MSCLIENTES
2022-11-11 20:50:07.146  INFO 34672 --- [DiscoveryClient-HeartbeatExecutor-0] com.netflix.discovery.DiscoveryClient    : DiscoveryClient_MSCLIENTES/msclientes:c8d002332c91e0a138a129a7588f1b04 : registering service...
2022-11-11 20:50:07.167  INFO 34672 --- [DiscoveryClient-HeartbeatExecutor-0] com.netflix.discovery.DiscoveryClient    : DiscoveryClient_MSCLIENTES/msclientes:c8d002332c91e0a138a129a7588f1b04  - registration status: 204
2022-11-11 20:50:37.182  INFO 34672 --- [DiscoveryClient-HeartbeatExecutor-0] com.netflix.discovery.DiscoveryClient    : DiscoveryClient_MSCLIENTES/msclientes:c8d002332c91e0a138a129a7588f1b04  - Re-registering apps/MSCLIENTES
2022-11-11 20:50:37.182  INFO 34672 --- [DiscoveryClient-HeartbeatExecutor-0] com.netflix.discovery.DiscoveryClient    : DiscoveryClient_MSCLIENTES/msclientes:c8d002332c91e0a138a129a7588f1b04 : registering service...
2022-11-11 20:50:37.194  INFO 34672 --- [DiscoveryClient-HeartbeatExecutor-0] com.netflix.discovery.DiscoveryClient    : DiscoveryClient_MSCLIENTES/msclientes:c8d002332c91e0a138a129a7588f1b04  - registration status: 204
2022-11-11 20:51:07.208  INFO 34672 --- [DiscoveryClient-HeartbeatExecutor-0] com.netflix.discovery.DiscoveryClient    : DiscoveryClient_MSCLIENTES/msclientes:c8d002332c91e0a138a129a7588f1b04  - Re-registering apps/MSCLIENTES
2022-11-11 20:51:07.209  INFO 34672 --- [DiscoveryClient-HeartbeatExecutor-0] com.netflix.discovery.DiscoveryClient    : DiscoveryClient_MSCLIENTES/msclientes:c8d002332c91e0a138a129a7588f1b04 : registering service...
2022-11-11 20:51:07.226  INFO 34672 --- [DiscoveryClient-HeartbeatExecutor-0] com.netflix.discovery.DiscoveryClient    : DiscoveryClient_MSCLIENTES/msclientes:c8d002332c91e0a138a129a7588f1b04  - registration status: 204
2022-11-11 20:51:37.236  INFO 34672 --- [DiscoveryClient-HeartbeatExecutor-0] com.netflix.discovery.DiscoveryClient    : DiscoveryClient_MSCLIENTES/msclientes:c8d002332c91e0a138a129a7588f1b04  - Re-registering apps/MSCLIENTES
2022-11-11 20:51:37.236  INFO 34672 --- [DiscoveryClient-HeartbeatExecutor-0] com.netflix.discovery.DiscoveryClient    : DiscoveryClient_MSCLIENTES/msclientes:c8d002332c91e0a138a129a7588f1b04 : registering service...
2022-11-11 20:51:37.245  INFO 34672 --- [DiscoveryClient-HeartbeatExecutor-0] com.netflix.discovery.DiscoveryClient    : DiscoveryClient_MSCLIENTES/msclientes:c8d002332c91e0a138a129a7588f1b04  - registration status: 204
2022-11-11 20:52:07.260  INFO 34672 --- [DiscoveryClient-HeartbeatExecutor-0] com.netflix.discovery.DiscoveryClient    : DiscoveryClient_MSCLIENTES/msclientes:c8d002332c91e0a138a129a7588f1b04  - Re-registering apps/MSCLIENTES
2022-11-11 20:52:07.263  INFO 34672 --- [DiscoveryClient-HeartbeatExecutor-0] com.netflix.discovery.DiscoveryClient    : DiscoveryClient_MSCLIENTES/msclientes:c8d002332c91e0a138a129a7588f1b04 : registering service...
2022-11-11 20:52:07.288  INFO 34672 --- [DiscoveryClient-HeartbeatExecutor-0] com.netflix.discovery.DiscoveryClient    : DiscoveryClient_MSCLIENTES/msclientes:c8d002332c91e0a138a129a7588f1b04  - registration status: 204
2022-11-11 20:52:37.301  INFO 34672 --- [DiscoveryClient-HeartbeatExecutor-0] com.netflix.discovery.DiscoveryClient    : DiscoveryClient_MSCLIENTES/msclientes:c8d002332c91e0a138a129a7588f1b04  - Re-registering apps/MSCLIENTES
2022-11-11 20:52:37.302  INFO 34672 --- [DiscoveryClient-HeartbeatExecutor-0] com.netflix.discovery.DiscoveryClient    : DiscoveryClient_MSCLIENTES/msclientes:c8d002332c91e0a138a129a7588f1b04 : registering service...
2022-11-11 20:52:37.315  INFO 34672 --- [DiscoveryClient-HeartbeatExecutor-0] com.netflix.discovery.DiscoveryClient    : DiscoveryClient_MSCLIENTES/msclientes:c8d002332c91e0a138a129a7588f1b04  - registration status: 204
2022-11-11 20:53:07.336  INFO 34672 --- [DiscoveryClient-HeartbeatExecutor-0] com.netflix.discovery.DiscoveryClient    : DiscoveryClient_MSCLIENTES/msclientes:c8d002332c91e0a138a129a7588f1b04  - Re-registering apps/MSCLIENTES
2022-11-11 20:53:07.337  INFO 34672 --- [DiscoveryClient-HeartbeatExecutor-0] com.netflix.discovery.DiscoveryClient    : DiscoveryClient_MSCLIENTES/msclientes:c8d002332c91e0a138a129a7588f1b04 : registering service...
2022-11-11 20:53:07.355  INFO 34672 --- [DiscoveryClient-HeartbeatExecutor-0] com.netflix.discovery.DiscoveryClient    : DiscoveryClient_MSCLIENTES/msclientes:c8d002332c91e0a138a129a7588f1b04  - registration status: 204
2022-11-11 20:53:37.373  INFO 34672 --- [DiscoveryClient-HeartbeatExecutor-0] com.netflix.discovery.DiscoveryClient    : DiscoveryClient_MSCLIENTES/msclientes:c8d002332c91e0a138a129a7588f1b04  - Re-registering apps/MSCLIENTES
2022-11-11 20:53:37.377  INFO 34672 --- [DiscoveryClient-HeartbeatExecutor-0] com.netflix.discovery.DiscoveryClient    : DiscoveryClient_MSCLIENTES/msclientes:c8d002332c91e0a138a129a7588f1b04 : registering service...
2022-11-11 20:53:37.395  INFO 34672 --- [DiscoveryClient-HeartbeatExecutor-0] com.netflix.discovery.DiscoveryClient    : DiscoveryClient_MSCLIENTES/msclientes:c8d002332c91e0a138a129a7588f1b04  - registration status: 204
2022-11-11 20:54:04.619  INFO 34672 --- [AsyncResolver-bootstrap-executor-0] c.n.d.s.r.aws.ConfigClusterResolver      : Resolving eureka endpoints via configuration
2022-11-11 20:54:07.409  INFO 34672 --- [DiscoveryClient-HeartbeatExecutor-0] com.netflix.discovery.DiscoveryClient    : DiscoveryClient_MSCLIENTES/msclientes:c8d002332c91e0a138a129a7588f1b04  - Re-registering apps/MSCLIENTES
2022-11-11 20:54:07.409  INFO 34672 --- [DiscoveryClient-HeartbeatExecutor-0] com.netflix.discovery.DiscoveryClient    : DiscoveryClient_MSCLIENTES/msclientes:c8d002332c91e0a138a129a7588f1b04 : registering service...
2022-11-11 20:54:07.426  INFO 34672 --- [DiscoveryClient-HeartbeatExecutor-0] com.netflix.discovery.DiscoveryClient    : DiscoveryClient_MSCLIENTES/msclientes:c8d002332c91e0a138a129a7588f1b04  - registration status: 204
2022-11-11 20:54:37.434  INFO 34672 --- [DiscoveryClient-HeartbeatExecutor-0] com.netflix.discovery.DiscoveryClient    : DiscoveryClient_MSCLIENTES/msclientes:c8d002332c91e0a138a129a7588f1b04  - Re-registering apps/MSCLIENTES
2022-11-11 20:54:37.434  INFO 34672 --- [DiscoveryClient-HeartbeatExecutor-0] com.netflix.discovery.DiscoveryClient    : DiscoveryClient_MSCLIENTES/msclientes:c8d002332c91e0a138a129a7588f1b04 : registering service...
2022-11-11 20:54:37.442  INFO 34672 --- [DiscoveryClient-HeartbeatExecutor-0] com.netflix.discovery.DiscoveryClient    : DiscoveryClient_MSCLIENTES/msclientes:c8d002332c91e0a138a129a7588f1b04  - registration status: 204
